
  xxxxxxxxxxxxxxxxxxxxxxxxxxxxxxxxxxxxxxxxxxxxxxxxxxxxxxxxxxxxxxxxxxxxxxxxxxxxxxxxxx

  查询单项_addUser

  addUser_10.4.0.11

  setting username success
  setting password success
  setting privilege success
  setting user enabled
  setting IpmiLanPrivilege success
  setting IpmiSerialPrivilege success
  setting SolEnable enable

  addUser_10.4.0.12

  setting username success
  setting password success
  setting privilege success
  setting user enabled
  setting IpmiLanPrivilege success
  setting IpmiSerialPrivilege success
  setting SolEnable enable

  addUser_10.4.0.13

  setting username success
  setting password success
  setting privilege success
  setting user enabled
  setting IpmiLanPrivilege success
  setting IpmiSerialPrivilege success
  setting SolEnable enable

  addUser_10.4.0.14

  setting username success
  setting password success
  setting privilege success
  setting user enabled
  setting IpmiLanPrivilege success
  setting IpmiSerialPrivilege success
  setting SolEnable enable

  addUser_10.4.0.15

  setting username success
  setting password success
  setting privilege success
  setting user enabled
  setting IpmiLanPrivilege success
  setting IpmiSerialPrivilege success
  setting SolEnable enable

  addUser_10.4.0.16

  setting username success
  setting password success
  setting privilege success
  setting user enabled
  setting IpmiLanPrivilege success
  setting IpmiSerialPrivilege success
  setting SolEnable enable

  addUser_10.4.0.17

  setting username success
  setting password success
  setting privilege success
  setting user enabled
  setting IpmiLanPrivilege success
  setting IpmiSerialPrivilege success
  setting SolEnable enable

  addUser_10.4.0.21

  setting username success
  setting password success
  setting privilege success
  setting user enabled
  setting IpmiLanPrivilege success
  setting IpmiSerialPrivilege success
  setting SolEnable enable

  addUser_10.4.0.22

  setting username success
  setting password success
  setting privilege success
  setting user enabled
  setting IpmiLanPrivilege success
  setting IpmiSerialPrivilege success
  setting SolEnable enable

  addUser_10.4.0.23

  setting username success
  setting password success
  setting privilege success
  setting user enabled
  setting IpmiLanPrivilege success
  setting IpmiSerialPrivilege success
  setting SolEnable enable

  addUser_10.4.0.24

  setting username success
  setting password success
  setting privilege success
  setting user enabled
  setting IpmiLanPrivilege success
  setting IpmiSerialPrivilege success
  setting SolEnable enable

  addUser_10.4.0.25

  setting username success
  setting password success
  setting privilege success
  setting user enabled
  setting IpmiLanPrivilege success
  setting IpmiSerialPrivilege success
  setting SolEnable enable

  addUser_10.4.0.26

  setting username success
  setting password success
  setting privilege success
  setting user enabled
  setting IpmiLanPrivilege success
  setting IpmiSerialPrivilege success
  setting SolEnable enable

  addUser_10.4.0.27

  setting username success
  setting password success
  setting privilege success
  setting user enabled
  setting IpmiLanPrivilege success
  setting IpmiSerialPrivilege success
  setting SolEnable enable

  addUser_10.4.0.28

  setting username success
  setting password success
  setting privilege success
  setting user enabled
  setting IpmiLanPrivilege success
  setting IpmiSerialPrivilege success
  setting SolEnable enable

  addUser_10.4.0.29

  setting username success
  setting password success
  setting privilege success
  setting user enabled
  setting IpmiLanPrivilege success
  setting IpmiSerialPrivilege success
  setting SolEnable enable

  addUser_10.4.0.30

  setting username success
  setting password success
  setting privilege success
  setting user enabled
  setting IpmiLanPrivilege success
  setting IpmiSerialPrivilege success
  setting SolEnable enable

  addUser_10.4.0.31

  setting username success
  setting password success
  setting privilege success
  setting user enabled
  setting IpmiLanPrivilege success
  setting IpmiSerialPrivilege success
  setting SolEnable enable

  addUser_10.4.0.32

  setting username success
  setting password success
  setting privilege success
  setting user enabled
  setting IpmiLanPrivilege success
  setting IpmiSerialPrivilege success
  setting SolEnable enable

  addUser_10.4.0.33

  setting username success
  setting password success
  setting privilege success
  setting user enabled
  setting IpmiLanPrivilege success
  setting IpmiSerialPrivilege success
  setting SolEnable enable

  addUser_10.4.0.34

  setting username success
  setting password success
  setting privilege success
  setting user enabled
  setting IpmiLanPrivilege success
  setting IpmiSerialPrivilege success
  setting SolEnable enable

  addUser_10.4.0.35

  setting username success
  setting password success
  setting privilege success
  setting user enabled
  setting IpmiLanPrivilege success
  setting IpmiSerialPrivilege success
  setting SolEnable enable

  addUser_10.4.0.36

  setting username success
  setting password success
  setting privilege success
  setting user enabled
  setting IpmiLanPrivilege success
  setting IpmiSerialPrivilege success
  setting SolEnable enable

  addUser_10.4.0.37

  setting username success
  setting password success
  setting privilege success
  setting user enabled
  setting IpmiLanPrivilege success
  setting IpmiSerialPrivilege success
  setting SolEnable enable

  addUser_10.4.0.38

  setting username success
  setting password success
  setting privilege success
  setting user enabled
  setting IpmiLanPrivilege success
  setting IpmiSerialPrivilege success
  setting SolEnable enable

  addUser_10.4.0.40

  setting username success
  setting password success
  setting privilege success
  setting user enabled
  setting IpmiLanPrivilege success
  setting IpmiSerialPrivilege success
  setting SolEnable enable

  addUser_10.4.0.41

  setting username success
  setting password success
  setting privilege success
  setting user enabled
  setting IpmiLanPrivilege success
  setting IpmiSerialPrivilege success
  setting SolEnable enable

  addUser_10.4.0.42

  setting username success
  setting password success
  setting privilege success
  setting user enabled
  setting IpmiLanPrivilege success
  setting IpmiSerialPrivilege success
  setting SolEnable enable

  addUser_10.4.0.43

  setting username success
  setting password success
  setting privilege success
  setting user enabled
  setting IpmiLanPrivilege success
  setting IpmiSerialPrivilege success
  setting SolEnable enable

  addUser_10.4.0.44

  setting username success
  setting password success
  setting privilege success
  setting user enabled
  setting IpmiLanPrivilege success
  setting IpmiSerialPrivilege success
  setting SolEnable enable

  addUser_10.4.0.45

  setting username success
  setting password success
  setting privilege success
  setting user enabled
  setting IpmiLanPrivilege success
  setting IpmiSerialPrivilege success
  setting SolEnable enable

  addUser_10.4.0.46

  setting username success
  setting password success
  setting privilege success
  setting user enabled
  setting IpmiLanPrivilege success
  setting IpmiSerialPrivilege success
  setting SolEnable enable

  addUser_10.4.0.47

  setting username success
  setting password success
  setting privilege success
  setting user enabled
  setting IpmiLanPrivilege success
  setting IpmiSerialPrivilege success
  setting SolEnable enable

  addUser_10.4.0.48

  setting username success
  setting password success
  setting privilege success
  setting user enabled
  setting IpmiLanPrivilege success
  setting IpmiSerialPrivilege success
  setting SolEnable enable

  addUser_10.4.0.49

  setting username success
  setting password success
  setting privilege success
  setting user enabled
  setting IpmiLanPrivilege success
  setting IpmiSerialPrivilege success
  setting SolEnable enable

  addUser_10.4.0.50

  setting username success
  setting password success
  setting privilege success
  setting user enabled
  setting IpmiLanPrivilege success
  setting IpmiSerialPrivilege success
  setting SolEnable enable

  addUser_10.4.0.51

  setting username success
  setting password success
  setting privilege success
  setting user enabled
  setting IpmiLanPrivilege success
  setting IpmiSerialPrivilege success
  setting SolEnable enable

  addUser_10.4.0.52

  setting username success
  setting password success
  setting privilege success
  setting user enabled
  setting IpmiLanPrivilege success
  setting IpmiSerialPrivilege success
  setting SolEnable enable

  addUser_10.4.0.53

  setting username success
  setting password success
  setting privilege success
  setting user enabled
  setting IpmiLanPrivilege success
  setting IpmiSerialPrivilege success
  setting SolEnable enable

  addUser_10.4.0.54

  setting username success
  setting password success
  setting privilege success
  setting user enabled
  setting IpmiLanPrivilege success
  setting IpmiSerialPrivilege success
  setting SolEnable enable

  addUser_10.4.0.55

  setting username success
  setting password success
  setting privilege success
  setting user enabled
  setting IpmiLanPrivilege success
  setting IpmiSerialPrivilege success
  setting SolEnable enable

  addUser_10.4.0.56

  setting username success
  setting password success
  setting privilege success
  setting user enabled
  setting IpmiLanPrivilege success
  setting IpmiSerialPrivilege success
  setting SolEnable enable

  addUser_10.4.0.58

  setting username success
  setting password success
  setting privilege success
  setting user enabled
  setting IpmiLanPrivilege success
  setting IpmiSerialPrivilege success
  setting SolEnable enable

  addUser_10.4.0.87

  setting username success
  setting password success
  setting privilege success
  setting user enabled
  setting IpmiLanPrivilege success
  setting IpmiSerialPrivilege success
  setting SolEnable enable

  addUser_10.4.0.88

  setting username success
  setting password success
  setting privilege success
  setting user enabled
  setting IpmiLanPrivilege success
  setting IpmiSerialPrivilege success
  setting SolEnable enable

  addUser_10.4.0.91

  setting username success
  setting password success
  setting privilege success
  setting user enabled
  setting IpmiLanPrivilege success
  setting IpmiSerialPrivilege success
  setting SolEnable enable

  addUser_10.4.0.93

  setting username success
  setting password success
  setting privilege success
  setting user enabled
  setting IpmiLanPrivilege success
  setting IpmiSerialPrivilege success
  setting SolEnable enable

  addUser_10.4.0.111

  setting username success
  setting password success
  setting privilege success
  setting user enabled
  setting IpmiLanPrivilege success
  setting IpmiSerialPrivilege success
  setting SolEnable enable

  addUser_10.4.0.112

  setting username success
  setting password success
  setting privilege success
  setting user enabled
  setting IpmiLanPrivilege success
  setting IpmiSerialPrivilege success
  setting SolEnable enable

  addUser_10.4.0.113

  setting username success
  setting password success
  setting privilege success
  setting user enabled
  setting IpmiLanPrivilege success
  setting IpmiSerialPrivilege success
  setting SolEnable enable

  addUser_10.4.0.126

  setting username success
  setting password success
  setting privilege success
  setting user enabled
  setting IpmiLanPrivilege success
  setting IpmiSerialPrivilege success
  setting SolEnable enable

  addUser_10.4.0.127

  setting username success
  setting password success
  setting privilege success
  setting user enabled
  setting IpmiLanPrivilege success
  setting IpmiSerialPrivilege success
  setting SolEnable enable

  addUser_10.4.0.130

  setting username success
  setting password success
  setting privilege success
  setting user enabled
  setting IpmiLanPrivilege success
  setting IpmiSerialPrivilege success
  setting SolEnable enable

  addUser_10.4.0.133

  setting username success
  setting password success
  setting privilege success
  setting user enabled
  setting IpmiLanPrivilege success
  setting IpmiSerialPrivilege success
  setting SolEnable enable

  addUser_10.4.0.135

  setting username success
  setting password success
  setting privilege success
  setting user enabled
  setting IpmiLanPrivilege success
  setting IpmiSerialPrivilege success
  setting SolEnable enable

  addUser_10.4.0.136

  setting username success
  setting password success
  setting privilege success
  setting user enabled
  setting IpmiLanPrivilege success
  setting IpmiSerialPrivilege success
  setting SolEnable enable

  addUser_10.4.1.50

  setting username success
  setting password success
  setting privilege success
  setting user enabled
  setting IpmiLanPrivilege success
  setting IpmiSerialPrivilege success
  setting SolEnable enable

  addUser_10.4.1.51

  setting username success
  setting password success
  setting privilege success
  setting user enabled
  setting IpmiLanPrivilege success
  setting IpmiSerialPrivilege success
  setting SolEnable enable

  addUser_10.4.1.52

  setting username success
  setting password success
  setting privilege success
  setting user enabled
  setting IpmiLanPrivilege success
  setting IpmiSerialPrivilege success
  setting SolEnable enable

  addUser_10.4.1.53

  setting username success
  setting password success
  setting privilege success
  setting user enabled
  setting IpmiLanPrivilege success
  setting IpmiSerialPrivilege success
  setting SolEnable enable

  addUser_10.4.1.54

  setting username success
  setting password success
  setting privilege success
  setting user enabled
  setting IpmiLanPrivilege success
  setting IpmiSerialPrivilege success
  setting SolEnable enable

  addUser_10.4.1.55

  setting username success
  setting password success
  setting privilege success
  setting user enabled
  setting IpmiLanPrivilege success
  setting IpmiSerialPrivilege success
  setting SolEnable enable

  addUser_10.4.1.56

  setting username success
  setting password success
  setting privilege success
  setting user enabled
  setting IpmiLanPrivilege success
  setting IpmiSerialPrivilege success
  setting SolEnable enable

  addUser_10.4.1.57

  setting username success
  setting password success
  setting privilege success
  setting user enabled
  setting IpmiLanPrivilege success
  setting IpmiSerialPrivilege success
  setting SolEnable enable

  addUser_10.4.1.58

  setting username success
  setting password success
  setting privilege success
  setting user enabled
  setting IpmiLanPrivilege success
  setting IpmiSerialPrivilege success
  setting SolEnable enable

  addUser_10.4.1.63

  setting username success
  setting password success
  setting privilege success
  setting user enabled
  setting IpmiLanPrivilege success
  setting IpmiSerialPrivilege success
  setting SolEnable enable

  addUser_10.4.1.66

  setting username success
  setting password success
  setting privilege success
  setting user enabled
  setting IpmiLanPrivilege success
  setting IpmiSerialPrivilege success
  setting SolEnable enable

  addUser_10.4.1.67

  setting username success
  setting password success
  setting privilege success
  setting user enabled
  setting IpmiLanPrivilege success
  setting IpmiSerialPrivilege success
  setting SolEnable enable

  addUser_10.4.1.68

  setting username success
  setting password success
  setting privilege success
  setting user enabled
  setting IpmiLanPrivilege success
  setting IpmiSerialPrivilege success
  setting SolEnable enable

  addUser_10.4.1.69

  setting username success
  setting password success
  setting privilege success
  setting user enabled
  setting IpmiLanPrivilege success
  setting IpmiSerialPrivilege success
  setting SolEnable enable

  addUser_10.4.1.72

  setting username success
  setting password success
  setting privilege success
  setting user enabled
  setting IpmiLanPrivilege success
  setting IpmiSerialPrivilege success
  setting SolEnable enable

  addUser_10.4.1.74

  setting username success
  setting password success
  setting privilege success
  setting user enabled
  setting IpmiLanPrivilege success
  setting IpmiSerialPrivilege success
  setting SolEnable enable

  addUser_10.4.1.75

  setting username success
  setting password success
  setting privilege success
  setting user enabled
  setting IpmiLanPrivilege success
  setting IpmiSerialPrivilege success
  setting SolEnable enable

  addUser_10.4.1.78

  setting username success
  setting password success
  setting privilege success
  setting user enabled
  setting IpmiLanPrivilege success
  setting IpmiSerialPrivilege success
  setting SolEnable enable

  addUser_10.4.1.79

  setting username success
  setting password success
  setting privilege success
  setting user enabled
  setting IpmiLanPrivilege success
  setting IpmiSerialPrivilege success
  setting SolEnable enable

  addUser_10.4.4.91

  setting username success
  setting password success
  setting privilege success
  setting user enabled
  setting IpmiLanPrivilege success
  setting IpmiSerialPrivilege success
  setting SolEnable enable

  addUser_10.4.4.92

  setting username success
  setting password success
  setting privilege success
  setting user enabled
  setting IpmiLanPrivilege success
  setting IpmiSerialPrivilege success
  setting SolEnable enable

  addUser_10.4.4.93

  setting username success
  setting password success
  setting privilege success
  setting user enabled
  setting IpmiLanPrivilege success
  setting IpmiSerialPrivilege success
  setting SolEnable enable

  addUser_10.4.4.133

  setting username success
  setting password success
  setting privilege success
  setting user enabled
  setting IpmiLanPrivilege success
  setting IpmiSerialPrivilege success
  setting SolEnable enable

  addUser_10.4.4.146

  setting username success
  setting password success
  setting privilege success
  setting user enabled
  setting IpmiLanPrivilege success
  setting IpmiSerialPrivilege success
  setting SolEnable enable

  addUser_10.4.4.148

  setting username success
  setting password success
  setting privilege success
  setting user enabled
  setting IpmiLanPrivilege success
  setting IpmiSerialPrivilege success
  setting SolEnable enable

  addUser_10.4.4.149

  setting username success
  setting password success
  setting privilege success
  setting user enabled
  setting IpmiLanPrivilege success
  setting IpmiSerialPrivilege success
  setting SolEnable enable

  addUser_10.4.4.151

  setting username success
  setting password success
  setting privilege success
  setting user enabled
  setting IpmiLanPrivilege success
  setting IpmiSerialPrivilege success
  setting SolEnable enable

  addUser_10.4.4.152

  setting username success
  setting password success
  setting privilege success
  setting user enabled
  setting IpmiLanPrivilege success
  setting IpmiSerialPrivilege success
  setting SolEnable enable

  addUser_10.4.4.153

  setting username success
  setting password success
  setting privilege success
  setting user enabled
  setting IpmiLanPrivilege success
  setting IpmiSerialPrivilege success
  setting SolEnable enable

  addUser_10.4.4.154

  setting username success
  setting password success
  setting privilege success
  setting user enabled
  setting IpmiLanPrivilege success
  setting IpmiSerialPrivilege success
  setting SolEnable enable

  addUser_10.4.4.155

  setting username success
  setting password success
  setting privilege success
  setting user enabled
  setting IpmiLanPrivilege success
  setting IpmiSerialPrivilege success
  setting SolEnable enable

  addUser_10.4.4.156

  setting username success
  setting password success
  setting privilege success
  setting user enabled
  setting IpmiLanPrivilege success
  setting IpmiSerialPrivilege success
  setting SolEnable enable

  addUser_10.4.4.159

  setting username success
  setting password success
  setting privilege success
  setting user enabled
  setting IpmiLanPrivilege success
  setting IpmiSerialPrivilege success
  setting SolEnable enable

  addUser_10.4.4.160

  setting username success
  setting password success
  setting privilege success
  setting user enabled
  setting IpmiLanPrivilege success
  setting IpmiSerialPrivilege success
  setting SolEnable enable

  addUser_10.4.4.161

  setting username success
  setting password success
  setting privilege success
  setting user enabled
  setting IpmiLanPrivilege success
  setting IpmiSerialPrivilege success
  setting SolEnable enable

  addUser_10.4.4.200

  setting username success
  setting password success
  setting privilege success
  setting user enabled
  setting IpmiLanPrivilege success
  setting IpmiSerialPrivilege success
  setting SolEnable enable

  addUser_10.4.4.201

  setting username success
  setting password success
  setting privilege success
  setting user enabled
  setting IpmiLanPrivilege success
  setting IpmiSerialPrivilege success
  setting SolEnable enable

  addUser_10.4.4.202

  setting username success
  setting password success
  setting privilege success
  setting user enabled
  setting IpmiLanPrivilege success
  setting IpmiSerialPrivilege success
  setting SolEnable enable

  addUser_10.4.4.203

  setting username success
  setting password success
  setting privilege success
  setting user enabled
  setting IpmiLanPrivilege success
  setting IpmiSerialPrivilege success
  setting SolEnable enable

  addUser_10.4.4.204

  setting username success
  setting password success
  setting privilege success
  setting user enabled
  setting IpmiLanPrivilege success
  setting IpmiSerialPrivilege success
  setting SolEnable enable

  addUser_10.4.4.212

  setting username success
  setting password success
  setting privilege success
  setting user enabled
  setting IpmiLanPrivilege success
  setting IpmiSerialPrivilege success
  setting SolEnable enable

  addUser_10.4.4.241

  setting username success
  setting password success
  setting privilege success
  setting user enabled
  setting IpmiLanPrivilege success
  setting IpmiSerialPrivilege success
  setting SolEnable enable

  addUser_10.4.4.242

  setting username success
  setting password success
  setting privilege success
  setting user enabled
  setting IpmiLanPrivilege success
  setting IpmiSerialPrivilege success
  setting SolEnable enable

  addUser_10.4.4.243

  setting username success
  setting password success
  setting privilege success
  setting user enabled
  setting IpmiLanPrivilege success
  setting IpmiSerialPrivilege success
  setting SolEnable enable

  addUser_10.4.4.244

  setting username success
  setting password success
  setting privilege success
  setting user enabled
  setting IpmiLanPrivilege success
  setting IpmiSerialPrivilege success
  setting SolEnable enable

  addUser_10.4.5.18

  setting username success
  setting password success
  setting privilege success
  setting user enabled
  setting IpmiLanPrivilege success
  setting IpmiSerialPrivilege success
  setting SolEnable enable

  addUser_10.4.5.19

  setting username success
  setting password success
  setting privilege success
  setting user enabled
  setting IpmiLanPrivilege success
  setting IpmiSerialPrivilege success
  setting SolEnable enable

  addUser_10.4.5.20

  setting username success
  setting password success
  setting privilege success
  setting user enabled
  setting IpmiLanPrivilege success
  setting IpmiSerialPrivilege success
  setting SolEnable enable

  addUser_10.4.5.21

  setting username success
  setting password success
  setting privilege success
  setting user enabled
  setting IpmiLanPrivilege success
  setting IpmiSerialPrivilege success
  setting SolEnable enable

  addUser_10.4.5.22

  setting username success
  setting password success
  setting privilege success
  setting user enabled
  setting IpmiLanPrivilege success
  setting IpmiSerialPrivilege success
  setting SolEnable enable

  addUser_10.4.5.23

  setting username success
  setting password success
  setting privilege success
  setting user enabled
  setting IpmiLanPrivilege success
  setting IpmiSerialPrivilege success
  setting SolEnable enable

  addUser_10.4.5.35

  setting username success
  setting password success
  setting privilege success
  setting user enabled
  setting IpmiLanPrivilege success
  setting IpmiSerialPrivilege success
  setting SolEnable enable

  addUser_10.4.5.36

  setting username success
  setting password success
  setting privilege success
  setting user enabled
  setting IpmiLanPrivilege success
  setting IpmiSerialPrivilege success
  setting SolEnable enable

  addUser_10.4.5.37

  setting username success
  setting password success
  setting privilege success
  setting user enabled
  setting IpmiLanPrivilege success
  setting IpmiSerialPrivilege success
  setting SolEnable enable

  addUser_10.4.5.61

  setting username success
  setting password success
  setting privilege success
  setting user enabled
  setting IpmiLanPrivilege success
  setting IpmiSerialPrivilege success
  setting SolEnable enable

  addUser_10.4.5.62

  setting username success
  setting password success
  setting privilege success
  setting user enabled
  setting IpmiLanPrivilege success
  setting IpmiSerialPrivilege success
  setting SolEnable enable

  addUser_10.4.5.63

  setting username success
  setting password success
  setting privilege success
  setting user enabled
  setting IpmiLanPrivilege success
  setting IpmiSerialPrivilege success
  setting SolEnable enable

  addUser_10.4.5.64

  setting username success
  setting password success
  setting privilege success
  setting user enabled
  setting IpmiLanPrivilege success
  setting IpmiSerialPrivilege success
  setting SolEnable enable

  addUser_10.4.5.65

  setting username success
  setting password success
  setting privilege success
  setting user enabled
  setting IpmiLanPrivilege success
  setting IpmiSerialPrivilege success
  setting SolEnable enable

  addUser_10.4.5.100

  setting username success
  setting password success
  setting privilege success
  setting user enabled
  setting IpmiLanPrivilege success
  setting IpmiSerialPrivilege success
  setting SolEnable enable

  addUser_10.4.5.101

  setting username success
  setting password success
  setting privilege success
  setting user enabled
  setting IpmiLanPrivilege success
  setting IpmiSerialPrivilege success
  setting SolEnable enable

  addUser_10.4.5.102

  setting username success
  setting password success
  setting privilege success
  setting user enabled
  setting IpmiLanPrivilege success
  setting IpmiSerialPrivilege success
  setting SolEnable enable

  addUser_10.4.5.103

  setting username success
  setting password success
  setting privilege success
  setting user enabled
  setting IpmiLanPrivilege success
  setting IpmiSerialPrivilege success
  setting SolEnable enable

  addUser_10.4.5.128

  setting username success
  setting password success
  setting privilege success
  setting user enabled
  setting IpmiLanPrivilege success
  setting IpmiSerialPrivilege success
  setting SolEnable enable

  addUser_10.4.5.227

  setting username success
  setting password success
  setting privilege success
  setting user enabled
  setting IpmiLanPrivilege success
  setting IpmiSerialPrivilege success
  setting SolEnable enable

  addUser_10.4.5.228

  setting username success
  setting password success
  setting privilege success
  setting user enabled
  setting IpmiLanPrivilege success
  setting IpmiSerialPrivilege success
  setting SolEnable enable

  addUser_10.4.5.229

  setting username success
  setting password success
  setting privilege success
  setting user enabled
  setting IpmiLanPrivilege success
  setting IpmiSerialPrivilege success
  setting SolEnable enable

  addUser_10.4.5.230

  setting username success
  setting password success
  setting privilege success
  setting user enabled
  setting IpmiLanPrivilege success
  setting IpmiSerialPrivilege success
  setting SolEnable enable

  addUser_10.4.5.231

  setting username success
  setting password success
  setting privilege success
  setting user enabled
  setting IpmiLanPrivilege success
  setting IpmiSerialPrivilege success
  setting SolEnable enable

  addUser_10.4.5.232

  setting username success
  setting password success
  setting privilege success
  setting user enabled
  setting IpmiLanPrivilege success
  setting IpmiSerialPrivilege success
  setting SolEnable enable

  addUser_10.4.5.233

  setting username success
  setting password success
  setting privilege success
  setting user enabled
  setting IpmiLanPrivilege success
  setting IpmiSerialPrivilege success
  setting SolEnable enable

  addUser_10.4.5.234

  setting username success
  setting password success
  setting privilege success
  setting user enabled
  setting IpmiLanPrivilege success
  setting IpmiSerialPrivilege success
  setting SolEnable enable

  addUser_10.4.5.235

  setting username success
  setting password success
  setting privilege success
  setting user enabled
  setting IpmiLanPrivilege success
  setting IpmiSerialPrivilege success
  setting SolEnable enable

  addUser_10.4.5.236

  setting username success
  setting password success
  setting privilege success
  setting user enabled
  setting IpmiLanPrivilege success
  setting IpmiSerialPrivilege success
  setting SolEnable enable

  addUser_10.4.5.237

  setting username success
  setting password success
  setting privilege success
  setting user enabled
  setting IpmiLanPrivilege success
  setting IpmiSerialPrivilege success
  setting SolEnable enable

  addUser_10.4.5.238

  setting username success
  setting password success
  setting privilege success
  setting user enabled
  setting IpmiLanPrivilege success
  setting IpmiSerialPrivilege success
  setting SolEnable enable

  addUser_10.4.5.239

  setting username success
  setting password success
  setting privilege success
  setting user enabled
  setting IpmiLanPrivilege success
  setting IpmiSerialPrivilege success
  setting SolEnable enable

  addUser_10.4.5.240

  setting username success
  setting password success
  setting privilege success
  setting user enabled
  setting IpmiLanPrivilege success
  setting IpmiSerialPrivilege success
  setting SolEnable enable

  addUser_10.4.5.241

  setting username success
  setting password success
  setting privilege success
  setting user enabled
  setting IpmiLanPrivilege success
  setting IpmiSerialPrivilege success
  setting SolEnable enable

  addUser_10.4.5.242

  setting username success
  setting password success
  setting privilege success
  setting user enabled
  setting IpmiLanPrivilege success
  setting IpmiSerialPrivilege success
  setting SolEnable enable

  addUser_10.4.5.243

  setting username success
  setting password success
  setting privilege success
  setting user enabled
  setting IpmiLanPrivilege success
  setting IpmiSerialPrivilege success
  setting SolEnable enable

  addUser_10.4.5.244

  setting username success
  setting password success
  setting privilege success
  setting user enabled
  setting IpmiLanPrivilege success
  setting IpmiSerialPrivilege success
  setting SolEnable enable

  addUser_10.4.5.246

  setting username success
  setting password success
  setting privilege success
  setting user enabled
  setting IpmiLanPrivilege success
  setting IpmiSerialPrivilege success
  setting SolEnable enable

  addUser_10.4.6.10

  setting username success
  setting password success
  setting privilege success
  setting user enabled
  setting IpmiLanPrivilege success
  setting IpmiSerialPrivilege success
  setting SolEnable enable

  addUser_10.4.6.11

  setting username success
  setting password success
  setting privilege success
  setting user enabled
  setting IpmiLanPrivilege success
  setting IpmiSerialPrivilege success
  setting SolEnable enable

  addUser_10.4.6.12

  setting username success
  setting password success
  setting privilege success
  setting user enabled
  setting IpmiLanPrivilege success
  setting IpmiSerialPrivilege success
  setting SolEnable enable

  addUser_10.4.6.13

  setting username success
  setting password success
  setting privilege success
  setting user enabled
  setting IpmiLanPrivilege success
  setting IpmiSerialPrivilege success
  setting SolEnable enable

  addUser_10.4.6.14

  setting username success
  setting password success
  setting privilege success
  setting user enabled
  setting IpmiLanPrivilege success
  setting IpmiSerialPrivilege success
  setting SolEnable enable

  addUser_10.4.6.15

  setting username success
  setting password success
  setting privilege success
  setting user enabled
  setting IpmiLanPrivilege success
  setting IpmiSerialPrivilege success
  setting SolEnable enable

  addUser_10.4.6.16

  setting username success
  setting password success
  setting privilege success
  setting user enabled
  setting IpmiLanPrivilege success
  setting IpmiSerialPrivilege success
  setting SolEnable enable

  addUser_10.4.6.17

  setting username success
  setting password success
  setting privilege success
  setting user enabled
  setting IpmiLanPrivilege success
  setting IpmiSerialPrivilege success
  setting SolEnable enable

  addUser_10.4.6.18

  setting username success
  setting password success
  setting privilege success
  setting user enabled
  setting IpmiLanPrivilege success
  setting IpmiSerialPrivilege success
  setting SolEnable enable

  addUser_10.4.6.19

  setting username success
  setting password success
  setting privilege success
  setting user enabled
  setting IpmiLanPrivilege success
  setting IpmiSerialPrivilege success
  setting SolEnable enable

  addUser_10.4.6.20

  setting username success
  setting password success
  setting privilege success
  setting user enabled
  setting IpmiLanPrivilege success
  setting IpmiSerialPrivilege success
  setting SolEnable enable

  addUser_10.4.6.21

  setting username success
  setting password success
  setting privilege success
  setting user enabled
  setting IpmiLanPrivilege success
  setting IpmiSerialPrivilege success
  setting SolEnable enable

  addUser_10.4.6.22

  setting username success
  setting password success
  setting privilege success
  setting user enabled
  setting IpmiLanPrivilege success
  setting IpmiSerialPrivilege success
  setting SolEnable enable

  addUser_10.4.6.23

  setting username success
  setting password success
  setting privilege success
  setting user enabled
  setting IpmiLanPrivilege success
  setting IpmiSerialPrivilege success
  setting SolEnable enable

  addUser_10.4.6.24

  setting username success
  setting password success
  setting privilege success
  setting user enabled
  setting IpmiLanPrivilege success
  setting IpmiSerialPrivilege success
  setting SolEnable enable

  addUser_10.4.6.25

  setting username success
  setting password success
  setting privilege success
  setting user enabled
  setting IpmiLanPrivilege success
  setting IpmiSerialPrivilege success
  setting SolEnable enable

  addUser_10.4.6.26

  setting username success
  setting password success
  setting privilege success
  setting user enabled
  setting IpmiLanPrivilege success
  setting IpmiSerialPrivilege success
  setting SolEnable enable

  addUser_10.4.6.27

  setting username success
  setting password success
  setting privilege success
  setting user enabled
  setting IpmiLanPrivilege success
  setting IpmiSerialPrivilege success
  setting SolEnable enable

  addUser_10.4.6.28

  setting username success
  setting password success
  setting privilege success
  setting user enabled
  setting IpmiLanPrivilege success
  setting IpmiSerialPrivilege success
  setting SolEnable enable

  addUser_10.4.6.29

  setting username success
  setting password success
  setting privilege success
  setting user enabled
  setting IpmiLanPrivilege success
  setting IpmiSerialPrivilege success
  setting SolEnable enable

  addUser_10.4.6.30

  setting username success
  setting password success
  setting privilege success
  setting user enabled
  setting IpmiLanPrivilege success
  setting IpmiSerialPrivilege success
  setting SolEnable enable

  addUser_10.4.6.31

  setting username success
  setting password success
  setting privilege success
  setting user enabled
  setting IpmiLanPrivilege success
  setting IpmiSerialPrivilege success
  setting SolEnable enable

  addUser_10.4.6.32

  setting username success
  setting password success
  setting privilege success
  setting user enabled
  setting IpmiLanPrivilege success
  setting IpmiSerialPrivilege success
  setting SolEnable enable

  addUser_10.4.6.33

  setting username success
  setting password success
  setting privilege success
  setting user enabled
  setting IpmiLanPrivilege success
  setting IpmiSerialPrivilege success
  setting SolEnable enable

  addUser_10.4.6.34

  setting username success
  setting password success
  setting privilege success
  setting user enabled
  setting IpmiLanPrivilege success
  setting IpmiSerialPrivilege success
  setting SolEnable enable

  addUser_10.4.6.35

  setting username success
  setting password success
  setting privilege success
  setting user enabled
  setting IpmiLanPrivilege success
  setting IpmiSerialPrivilege success
  setting SolEnable enable

  addUser_10.4.6.36

  setting username success
  setting password success
  setting privilege success
  setting user enabled
  setting IpmiLanPrivilege success
  setting IpmiSerialPrivilege success
  setting SolEnable enable

  addUser_10.4.6.37

  setting username success
  setting password success
  setting privilege success
  setting user enabled
  setting IpmiLanPrivilege success
  setting IpmiSerialPrivilege success
  setting SolEnable enable

  addUser_10.4.6.38

  setting username success
  setting password success
  setting privilege success
  setting user enabled
  setting IpmiLanPrivilege success
  setting IpmiSerialPrivilege success
  setting SolEnable enable

  addUser_10.4.6.39

  setting username success
  setting password success
  setting privilege success
  setting user enabled
  setting IpmiLanPrivilege success
  setting IpmiSerialPrivilege success
  setting SolEnable enable

  addUser_10.4.6.40

  setting username success
  setting password success
  setting privilege success
  setting user enabled
  setting IpmiLanPrivilege success
  setting IpmiSerialPrivilege success
  setting SolEnable enable

  addUser_10.4.6.41

  setting username success
  setting password success
  setting privilege success
  setting user enabled
  setting IpmiLanPrivilege success
  setting IpmiSerialPrivilege success
  setting SolEnable enable

  addUser_10.4.6.42

  setting username success
  setting password success
  setting privilege success
  setting user enabled
  setting IpmiLanPrivilege success
  setting IpmiSerialPrivilege success
  setting SolEnable enable

  addUser_10.4.6.43

  setting username success
  setting password success
  setting privilege success
  setting user enabled
  setting IpmiLanPrivilege success
  setting IpmiSerialPrivilege success
  setting SolEnable enable

  addUser_10.4.6.44

  setting username success
  setting password success
  setting privilege success
  setting user enabled
  setting IpmiLanPrivilege success
  setting IpmiSerialPrivilege success
  setting SolEnable enable

  addUser_10.4.6.45

  setting username success
  setting password success
  setting privilege success
  setting user enabled
  setting IpmiLanPrivilege success
  setting IpmiSerialPrivilege success
  setting SolEnable enable

  addUser_10.4.6.46

  setting username success
  setting password success
  setting privilege success
  setting user enabled
  setting IpmiLanPrivilege success
  setting IpmiSerialPrivilege success
  setting SolEnable enable

  addUser_10.4.6.47

  setting username success
  setting password success
  setting privilege success
  setting user enabled
  setting IpmiLanPrivilege success
  setting IpmiSerialPrivilege success
  setting SolEnable enable

  addUser_10.4.6.48

  setting username success
  setting password success
  setting privilege success
  setting user enabled
  setting IpmiLanPrivilege success
  setting IpmiSerialPrivilege success
  setting SolEnable enable

  addUser_10.4.6.49

  setting username success
  setting password success
  setting privilege success
  setting user enabled
  setting IpmiLanPrivilege success
  setting IpmiSerialPrivilege success
  setting SolEnable enable

  addUser_10.4.6.50

  setting username success
  setting password success
  setting privilege success
  setting user enabled
  setting IpmiLanPrivilege success
  setting IpmiSerialPrivilege success
  setting SolEnable enable

  addUser_10.4.6.51

  setting username success
  setting password success
  setting privilege success
  setting user enabled
  setting IpmiLanPrivilege success
  setting IpmiSerialPrivilege success
  setting SolEnable enable

  addUser_10.4.6.54

  setting username success
  setting password success
  setting privilege success
  setting user enabled
  setting IpmiLanPrivilege success
  setting IpmiSerialPrivilege success
  setting SolEnable enable

  addUser_10.4.6.55

  setting username success
  setting password success
  setting privilege success
  setting user enabled
  setting IpmiLanPrivilege success
  setting IpmiSerialPrivilege success
  setting SolEnable enable

  addUser_10.4.6.57

  setting username success
  setting password success
  setting privilege success
  setting user enabled
  setting IpmiLanPrivilege success
  setting IpmiSerialPrivilege success
  setting SolEnable enable

  addUser_10.4.6.58

  setting username success
  setting password success
  setting privilege success
  setting user enabled
  setting IpmiLanPrivilege success
  setting IpmiSerialPrivilege success
  setting SolEnable enable

  addUser_10.4.6.59

  setting username success
  setting password success
  setting privilege success
  setting user enabled
  setting IpmiLanPrivilege success
  setting IpmiSerialPrivilege success
  setting SolEnable enable

  addUser_10.4.6.60

  setting username success
  setting password success
  setting privilege success
  setting user enabled
  setting IpmiLanPrivilege success
  setting IpmiSerialPrivilege success
  setting SolEnable enable

  addUser_10.4.6.61

  setting username success
  setting password success
  setting privilege success
  setting user enabled
  setting IpmiLanPrivilege success
  setting IpmiSerialPrivilege success
  setting SolEnable enable

  addUser_10.4.6.120

  setting username success
  setting password success
  setting privilege success
  setting user enabled
  setting IpmiLanPrivilege success
  setting IpmiSerialPrivilege success
  setting SolEnable enable

  addUser_10.4.6.132

  setting username success
  setting password success
  setting privilege success
  setting user enabled
  setting IpmiLanPrivilege success
  setting IpmiSerialPrivilege success
  setting SolEnable enable

  addUser_10.4.6.173

  setting username success
  setting password success
  setting privilege success
  setting user enabled
  setting IpmiLanPrivilege success
  setting IpmiSerialPrivilege success
  setting SolEnable enable

  addUser_10.4.6.174

  setting username success
  setting password success
  setting privilege success
  setting user enabled
  setting IpmiLanPrivilege success
  setting IpmiSerialPrivilege success
  setting SolEnable enable

  addUser_10.4.6.175

  setting username success
  setting password success
  setting privilege success
  setting user enabled
  setting IpmiLanPrivilege success
  setting IpmiSerialPrivilege success
  setting SolEnable enable

  addUser_10.4.6.176

  setting username success
  setting password success
  setting privilege success
  setting user enabled
  setting IpmiLanPrivilege success
  setting IpmiSerialPrivilege success
  setting SolEnable enable

  addUser_10.4.6.177

  setting username success
  setting password success
  setting privilege success
  setting user enabled
  setting IpmiLanPrivilege success
  setting IpmiSerialPrivilege success
  setting SolEnable enable

  addUser_10.4.6.178

  setting username success
  setting password success
  setting privilege success
  setting user enabled
  setting IpmiLanPrivilege success
  setting IpmiSerialPrivilege success
  setting SolEnable enable

  addUser_10.4.6.179

  setting username success
  setting password success
  setting privilege success
  setting user enabled
  setting IpmiLanPrivilege success
  setting IpmiSerialPrivilege success
  setting SolEnable enable

  addUser_10.4.6.180

  setting username success
  setting password success
  setting privilege success
  setting user enabled
  setting IpmiLanPrivilege success
  setting IpmiSerialPrivilege success
  setting SolEnable enable

  addUser_10.4.6.181

  setting username success
  setting password success
  setting privilege success
  setting user enabled
  setting IpmiLanPrivilege success
  setting IpmiSerialPrivilege success
  setting SolEnable enable

  addUser_10.4.6.182

  setting username success
  setting password success
  setting privilege success
  setting user enabled
  setting IpmiLanPrivilege success
  setting IpmiSerialPrivilege success
  setting SolEnable enable

  addUser_10.4.6.183

  setting username success
  setting password success
  setting privilege success
  setting user enabled
  setting IpmiLanPrivilege success
  setting IpmiSerialPrivilege success
  setting SolEnable enable

  addUser_10.4.6.184

  setting username success
  setting password success
  setting privilege success
  setting user enabled
  setting IpmiLanPrivilege success
  setting IpmiSerialPrivilege success
  setting SolEnable enable

  addUser_10.4.6.185

  setting username success
  setting password success
  setting privilege success
  setting user enabled
  setting IpmiLanPrivilege success
  setting IpmiSerialPrivilege success
  setting SolEnable enable

  addUser_10.4.6.186

  setting username success
  setting password success
  setting privilege success
  setting user enabled
  setting IpmiLanPrivilege success
  setting IpmiSerialPrivilege success
  setting SolEnable enable

  addUser_10.4.6.187

  setting username success
  setting password success
  setting privilege success
  setting user enabled
  setting IpmiLanPrivilege success
  setting IpmiSerialPrivilege success
  setting SolEnable enable

  addUser_10.4.6.236

  setting username success
  setting password success
  setting privilege success
  setting user enabled
  setting IpmiLanPrivilege success
  setting IpmiSerialPrivilege success
  setting SolEnable enable

  addUser_10.4.6.237

  setting username success
  setting password success
  setting privilege success
  setting user enabled
  setting IpmiLanPrivilege success
  setting IpmiSerialPrivilege success
  setting SolEnable enable

  addUser_10.4.7.10

  setting username success
  setting password success
  setting privilege success
  setting user enabled
  setting IpmiLanPrivilege success
  setting IpmiSerialPrivilege success
  setting SolEnable enable

  addUser_10.4.7.11

  setting username success
  setting password success
  setting privilege success
  setting user enabled
  setting IpmiLanPrivilege success
  setting IpmiSerialPrivilege success
  setting SolEnable enable

  addUser_10.4.7.12

  setting username success
  setting password success
  setting privilege success
  setting user enabled
  setting IpmiLanPrivilege success
  setting IpmiSerialPrivilege success
  setting SolEnable enable

  addUser_10.4.7.13

  setting username success
  setting password success
  setting privilege success
  setting user enabled
  setting IpmiLanPrivilege success
  setting IpmiSerialPrivilege success
  setting SolEnable enable

  addUser_10.4.7.14

  setting username success
  setting password success
  setting privilege success
  setting user enabled
  setting IpmiLanPrivilege success
  setting IpmiSerialPrivilege success
  setting SolEnable enable

  addUser_10.4.7.15

  setting username success
  setting password success
  setting privilege success
  setting user enabled
  setting IpmiLanPrivilege success
  setting IpmiSerialPrivilege success
  setting SolEnable enable

  addUser_10.4.7.16

  setting username success
  setting password success
  setting privilege success
  setting user enabled
  setting IpmiLanPrivilege success
  setting IpmiSerialPrivilege success
  setting SolEnable enable

  addUser_10.4.7.17

  setting username success
  setting password success
  setting privilege success
  setting user enabled
  setting IpmiLanPrivilege success
  setting IpmiSerialPrivilege success
  setting SolEnable enable

  addUser_10.4.7.18

  setting username success
  setting password success
  setting privilege success
  setting user enabled
  setting IpmiLanPrivilege success
  setting IpmiSerialPrivilege success
  setting SolEnable enable

  addUser_10.4.7.19

  setting username success
  setting password success
  setting privilege success
  setting user enabled
  setting IpmiLanPrivilege success
  setting IpmiSerialPrivilege success
  setting SolEnable enable

  addUser_10.4.7.49

  setting username success
  setting password success
  setting privilege success
  setting user enabled
  setting IpmiLanPrivilege success
  setting IpmiSerialPrivilege success
  setting SolEnable enable

  addUser_10.4.7.50

  setting username success
  setting password success
  setting privilege success
  setting user enabled
  setting IpmiLanPrivilege success
  setting IpmiSerialPrivilege success
  setting SolEnable enable

  addUser_10.4.7.51

  setting username success
  setting password success
  setting privilege success
  setting user enabled
  setting IpmiLanPrivilege success
  setting IpmiSerialPrivilege success
  setting SolEnable enable

  addUser_10.4.7.52

  setting username success
  setting password success
  setting privilege success
  setting user enabled
  setting IpmiLanPrivilege success
  setting IpmiSerialPrivilege success
  setting SolEnable enable

  addUser_10.4.7.53

  setting username success
  setting password success
  setting privilege success
  setting user enabled
  setting IpmiLanPrivilege success
  setting IpmiSerialPrivilege success
  setting SolEnable enable

  addUser_10.4.7.54

  setting username success
  setting password success
  setting privilege success
  setting user enabled
  setting IpmiLanPrivilege success
  setting IpmiSerialPrivilege success
  setting SolEnable enable

  addUser_10.4.7.55

  setting username success
  setting password success
  setting privilege success
  setting user enabled
  setting IpmiLanPrivilege success
  setting IpmiSerialPrivilege success
  setting SolEnable enable

  addUser_10.4.7.56

  setting username success
  setting password success
  setting privilege success
  setting user enabled
  setting IpmiLanPrivilege success
  setting IpmiSerialPrivilege success
  setting SolEnable enable

  addUser_10.4.24.87

  setting username success
  setting password success
  setting privilege success
  setting user enabled
  setting IpmiLanPrivilege success
  setting IpmiSerialPrivilege success
  setting SolEnable enable

  addUser_10.4.24.99

  setting username success
  setting password success
  setting privilege success
  setting user enabled
  setting IpmiLanPrivilege success
  setting IpmiSerialPrivilege success
  setting SolEnable enable

  addUser_10.4.24.112

  setting username success
  setting password success
  setting privilege success
  setting user enabled
  setting IpmiLanPrivilege success
  setting IpmiSerialPrivilege success
  setting SolEnable enable

  addUser_10.4.24.113

  setting username success
  setting password success
  setting privilege success
  setting user enabled
  setting IpmiLanPrivilege success
  setting IpmiSerialPrivilege success
  setting SolEnable enable

  addUser_10.4.25.11

  setting username success
  setting password success
  setting privilege success
  setting user enabled
  setting IpmiLanPrivilege success
  setting IpmiSerialPrivilege success
  setting SolEnable enable
  setting snmpv3 disable
  setting AuthenticationProtocol success
  setting PrivacyProtocol success

  addUser_10.4.25.12

  setting username success
  setting password success
  setting privilege success
  setting user enabled
  setting IpmiLanPrivilege success
  setting IpmiSerialPrivilege success
  setting SolEnable enable
  setting snmpv3 disable
  setting AuthenticationProtocol success
  setting PrivacyProtocol success

  addUser_10.4.25.13

  setting username success
  setting password success
  setting privilege success
  setting user enabled
  setting IpmiLanPrivilege success
  setting IpmiSerialPrivilege success
  setting SolEnable enable
  setting snmpv3 disable
  setting AuthenticationProtocol success
  setting PrivacyProtocol success

  addUser_10.4.25.14

  setting username success
  setting password success
  setting privilege success
  setting user enabled
  setting IpmiLanPrivilege success
  setting IpmiSerialPrivilege success
  setting SolEnable enable
  setting snmpv3 disable
  setting AuthenticationProtocol success
  setting PrivacyProtocol success

  addUser_10.4.25.15

  setting username success
  setting password success
  setting privilege success
  setting user enabled
  setting IpmiLanPrivilege success
  setting IpmiSerialPrivilege success
  setting SolEnable enable
  setting snmpv3 disable
  setting AuthenticationProtocol success
  setting PrivacyProtocol success

  addUser_10.4.25.16

  setting username success
  setting password success
  setting privilege success
  setting user enabled
  setting IpmiLanPrivilege success
  setting IpmiSerialPrivilege success
  setting SolEnable enable
  setting snmpv3 disable
  setting AuthenticationProtocol success
  setting PrivacyProtocol success

  addUser_10.4.25.17

  setting username success
  setting password success
  setting privilege success
  setting user enabled
  setting IpmiLanPrivilege success
  setting IpmiSerialPrivilege success
  setting SolEnable enable
  setting snmpv3 disable
  setting AuthenticationProtocol success
  setting PrivacyProtocol success

  addUser_10.4.25.18

  setting username success
  setting password success
  setting privilege success
  setting user enabled
  setting IpmiLanPrivilege success
  setting IpmiSerialPrivilege success
  setting SolEnable enable
  setting snmpv3 disable
  setting AuthenticationProtocol success
  setting PrivacyProtocol success

  addUser_10.4.25.19


  addUser_10.4.25.20

  setting username success
  setting password success
  setting privilege success
  setting user enabled
  setting IpmiLanPrivilege success
  setting IpmiSerialPrivilege success
  setting SolEnable enable
  setting snmpv3 disable
  setting AuthenticationProtocol success
  setting PrivacyProtocol success

  addUser_10.4.25.21

  setting username success
  setting password success
  setting privilege success
  setting user enabled
  setting IpmiLanPrivilege success
  setting IpmiSerialPrivilege success
  setting SolEnable enable
  setting snmpv3 disable
  setting AuthenticationProtocol success
  setting PrivacyProtocol success

  addUser_10.4.25.22

  setting username success
  setting password success
  setting privilege success
  setting user enabled
  setting IpmiLanPrivilege success
  setting IpmiSerialPrivilege success
  setting SolEnable enable
  setting snmpv3 disable
  setting AuthenticationProtocol success
  setting PrivacyProtocol success

  addUser_10.4.25.23

  setting username success
  setting password success
  setting privilege success
  setting user enabled
  setting IpmiLanPrivilege success
  setting IpmiSerialPrivilege success
  setting SolEnable enable
  setting snmpv3 disable
  setting AuthenticationProtocol success
  setting PrivacyProtocol success

  addUser_10.4.25.24

  setting username success
  setting password success
  setting privilege success
  setting user enabled
  setting IpmiLanPrivilege success
  setting IpmiSerialPrivilege success
  setting SolEnable enable
  setting snmpv3 disable
  setting AuthenticationProtocol success
  setting PrivacyProtocol success

  addUser_10.4.25.25

  setting username success
  setting password success
  setting privilege success
  setting user enabled
  setting IpmiLanPrivilege success
  setting IpmiSerialPrivilege success
  setting SolEnable enable
  setting snmpv3 disable
  setting AuthenticationProtocol success
  setting PrivacyProtocol success

  addUser_10.4.25.26

  setting username success
  setting password success
  setting privilege success
  setting user enabled
  setting IpmiLanPrivilege success
  setting IpmiSerialPrivilege success
  setting SolEnable enable
  setting snmpv3 disable
  setting AuthenticationProtocol success
  setting PrivacyProtocol success

  addUser_10.4.25.27

  setting username success
  setting password success
  setting privilege success
  setting user enabled
  setting IpmiLanPrivilege success
  setting IpmiSerialPrivilege success
  setting SolEnable enable
  setting snmpv3 disable
  setting AuthenticationProtocol success
  setting PrivacyProtocol success

  addUser_10.4.25.28

  setting username success
  setting password success
  setting privilege success
  setting user enabled
  setting IpmiLanPrivilege success
  setting IpmiSerialPrivilege success
  setting SolEnable enable
  setting snmpv3 disable
  setting AuthenticationProtocol success
  setting PrivacyProtocol success

  addUser_10.4.25.29

  setting username success
  setting password success
  setting privilege success
  setting user enabled
  setting IpmiLanPrivilege success
  setting IpmiSerialPrivilege success
  setting SolEnable enable
  setting snmpv3 disable
  setting AuthenticationProtocol success
  setting PrivacyProtocol success

  addUser_10.4.25.30

  setting username success
  setting password success
  setting privilege success
  setting user enabled
  setting IpmiLanPrivilege success
  setting IpmiSerialPrivilege success
  setting SolEnable enable
  setting snmpv3 disable
  setting AuthenticationProtocol success
  setting PrivacyProtocol success

  addUser_10.4.25.31

  setting username success
  setting password success
  setting privilege success
  setting user enabled
  setting IpmiLanPrivilege success
  setting IpmiSerialPrivilege success
  setting SolEnable enable
  setting snmpv3 disable
  setting AuthenticationProtocol success
  setting PrivacyProtocol success

  addUser_10.4.25.32


  addUser_10.4.25.33

  setting username success
  setting password success
  setting privilege success
  setting user enabled
  setting IpmiLanPrivilege success
  setting IpmiSerialPrivilege success
  setting SolEnable enable
  setting snmpv3 disable
  setting AuthenticationProtocol success
  setting PrivacyProtocol success

  addUser_10.4.25.34

  setting username success
  setting password success
  setting privilege success
  setting user enabled
  setting IpmiLanPrivilege success
  setting IpmiSerialPrivilege success
  setting SolEnable enable
  setting snmpv3 disable
  setting AuthenticationProtocol success
  setting PrivacyProtocol success

  addUser_10.4.25.35

  setting username success
  setting password success
  setting privilege success
  setting user enabled
  setting IpmiLanPrivilege success
  setting IpmiSerialPrivilege success
  setting SolEnable enable
  setting snmpv3 disable
  setting AuthenticationProtocol success
  setting PrivacyProtocol success

  addUser_10.4.25.36

  setting username success
  setting password success
  setting privilege success
  setting user enabled
  setting IpmiLanPrivilege success
  setting IpmiSerialPrivilege success
  setting SolEnable enable
  setting snmpv3 disable
  setting AuthenticationProtocol success
  setting PrivacyProtocol success

  addUser_10.4.25.37

  setting username success
  setting password success
  setting privilege success
  setting user enabled
  setting IpmiLanPrivilege success
  setting IpmiSerialPrivilege success
  setting SolEnable enable
  setting snmpv3 disable
  setting AuthenticationProtocol success
  setting PrivacyProtocol success

  addUser_10.4.25.38

  setting username success
  setting password success
  setting privilege success
  setting user enabled
  setting IpmiLanPrivilege success
  setting IpmiSerialPrivilege success
  setting SolEnable enable
  setting snmpv3 disable
  setting AuthenticationProtocol success
  setting PrivacyProtocol success

  addUser_10.4.25.39

  setting username success
  setting password success
  setting privilege success
  setting user enabled
  setting IpmiLanPrivilege success
  setting IpmiSerialPrivilege success
  setting SolEnable enable
  setting snmpv3 disable
  setting AuthenticationProtocol success
  setting PrivacyProtocol success

  addUser_10.4.25.40

  setting username success
  setting password success
  setting privilege success
  setting user enabled
  setting IpmiLanPrivilege success
  setting IpmiSerialPrivilege success
  setting SolEnable enable
  setting snmpv3 disable
  setting AuthenticationProtocol success
  setting PrivacyProtocol success

  addUser_10.4.25.41

  setting username success
  setting password success
  setting privilege success
  setting user enabled
  setting IpmiLanPrivilege success
  setting IpmiSerialPrivilege success
  setting SolEnable enable
  setting snmpv3 disable
  setting AuthenticationProtocol success
  setting PrivacyProtocol success

  addUser_10.4.25.42

  setting username success
  setting password success
  setting privilege success
  setting user enabled
  setting IpmiLanPrivilege success
  setting IpmiSerialPrivilege success
  setting SolEnable enable
  setting snmpv3 disable
  setting AuthenticationProtocol success
  setting PrivacyProtocol success

  addUser_10.4.25.43

  setting username success
  setting password success
  setting privilege success
  setting user enabled
  setting IpmiLanPrivilege success
  setting IpmiSerialPrivilege success
  setting SolEnable enable
  setting snmpv3 disable
  setting AuthenticationProtocol success
  setting PrivacyProtocol success

  addUser_10.4.25.44

  setting username success
  setting password success
  setting privilege success
  setting user enabled
  setting IpmiLanPrivilege success
  setting IpmiSerialPrivilege success
  setting SolEnable enable
  setting snmpv3 disable
  setting AuthenticationProtocol success
  setting PrivacyProtocol success

  addUser_10.4.25.45

  setting username success
  setting password success
  setting privilege success
  setting user enabled
  setting IpmiLanPrivilege success
  setting IpmiSerialPrivilege success
  setting SolEnable enable
  setting snmpv3 disable
  setting AuthenticationProtocol success
  setting PrivacyProtocol success

  addUser_10.4.25.46

  setting username success
  setting password success
  setting privilege success
  setting user enabled
  setting IpmiLanPrivilege success
  setting IpmiSerialPrivilege success
  setting SolEnable enable
  setting snmpv3 disable
  setting AuthenticationProtocol success
  setting PrivacyProtocol success

  addUser_10.4.25.47

  setting username success
  setting password success
  setting privilege success
  setting user enabled
  setting IpmiLanPrivilege success
  setting IpmiSerialPrivilege success
  setting SolEnable enable
  setting snmpv3 disable
  setting AuthenticationProtocol success
  setting PrivacyProtocol success

  addUser_10.4.25.48

  setting username success
  setting password success
  setting privilege success
  setting user enabled
  setting IpmiLanPrivilege success
  setting IpmiSerialPrivilege success
  setting SolEnable enable
  setting snmpv3 disable
  setting AuthenticationProtocol success
  setting PrivacyProtocol success

  addUser_10.4.25.49

  setting username success
  setting password success
  setting privilege success
  setting user enabled
  setting IpmiLanPrivilege success
  setting IpmiSerialPrivilege success
  setting SolEnable enable
  setting snmpv3 disable
  setting AuthenticationProtocol success
  setting PrivacyProtocol success

  addUser_10.4.25.50

  setting username success
  setting password success
  setting privilege success
  setting user enabled
  setting IpmiLanPrivilege success
  setting IpmiSerialPrivilege success
  setting SolEnable enable
  setting snmpv3 disable
  setting AuthenticationProtocol success
  setting PrivacyProtocol success

  addUser_10.4.25.151

  setting username success
  setting password success
  setting privilege success
  setting user enabled
  setting IpmiLanPrivilege success
  setting IpmiSerialPrivilege success
  setting SolEnable enable

  addUser_10.4.25.152

  setting username success
  setting password success
  setting privilege success
  setting user enabled
  setting IpmiLanPrivilege success
  setting IpmiSerialPrivilege success
  setting SolEnable enable

  addUser_10.4.25.153

  setting username success
  setting password success
  setting privilege success
  setting user enabled
  setting IpmiLanPrivilege success
  setting IpmiSerialPrivilege success
  setting SolEnable enable

  addUser_10.4.25.159

  setting username success
  setting password success
  setting privilege success
  setting user enabled
  setting IpmiLanPrivilege success
  setting IpmiSerialPrivilege success
  setting SolEnable enable

  addUser_10.4.25.184

  setting username success
  setting password success
  setting privilege success
  setting user enabled
  setting IpmiLanPrivilege success
  setting IpmiSerialPrivilege success
  setting SolEnable enable

  addUser_10.4.25.185

  setting username success
  setting password success
  setting privilege success
  setting user enabled
  setting IpmiLanPrivilege success
  setting IpmiSerialPrivilege success
  setting SolEnable enable

  addUser_10.4.25.186

  setting username success
  setting password success
  setting privilege success
  setting user enabled
  setting IpmiLanPrivilege success
  setting IpmiSerialPrivilege success
  setting SolEnable enable

  addUser_10.4.25.187

  setting username success
  setting password success
  setting privilege success
  setting user enabled
  setting IpmiLanPrivilege success
  setting IpmiSerialPrivilege success
  setting SolEnable enable

  addUser_10.4.25.188

  setting username success
  setting password success
  setting privilege success
  setting user enabled
  setting IpmiLanPrivilege success
  setting IpmiSerialPrivilege success
  setting SolEnable enable

  addUser_10.4.25.207

  setting username success
  setting password success
  setting privilege success
  setting user enabled
  setting IpmiLanPrivilege success
  setting IpmiSerialPrivilege success
  setting SolEnable enable

  addUser_10.4.25.208

  setting username success
  setting password success
  setting privilege success
  setting user enabled
  setting IpmiLanPrivilege success
  setting IpmiSerialPrivilege success
  setting SolEnable enable

  addUser_10.4.25.209

  setting username success
  setting password success
  setting privilege success
  setting user enabled
  setting IpmiLanPrivilege success
  setting IpmiSerialPrivilege success
  setting SolEnable enable

  addUser_10.4.25.210

  setting username success
  setting password success
  setting privilege success
  setting user enabled
  setting IpmiLanPrivilege success
  setting IpmiSerialPrivilege success
  setting SolEnable enable

  addUser_10.4.25.212

  setting username success
  setting password success
  setting privilege success
  setting user enabled
  setting IpmiLanPrivilege success
  setting IpmiSerialPrivilege success
  setting SolEnable enable

  addUser_10.4.25.223

  setting username success
  setting password success
  setting privilege success
  setting user enabled
  setting IpmiLanPrivilege success
  setting IpmiSerialPrivilege success
  setting SolEnable enable

  addUser_10.4.25.224

  setting username success
  setting password success
  setting privilege success
  setting user enabled
  setting IpmiLanPrivilege success
  setting IpmiSerialPrivilege success
  setting SolEnable enable

  addUser_10.4.25.225

  setting username success
  setting password success
  setting privilege success
  setting user enabled
  setting IpmiLanPrivilege success
  setting IpmiSerialPrivilege success
  setting SolEnable enable

  addUser_10.4.25.227

  setting username success
  setting password success
  setting privilege success
  setting user enabled
  setting IpmiLanPrivilege success
  setting IpmiSerialPrivilege success
  setting SolEnable enable

  addUser_10.4.25.228

  setting username success
  setting password success
  setting privilege success
  setting user enabled
  setting IpmiLanPrivilege success
  setting IpmiSerialPrivilege success
  setting SolEnable enable

  addUser_10.4.25.229

  setting username success
  setting password success
  setting privilege success
  setting user enabled
  setting IpmiLanPrivilege success
  setting IpmiSerialPrivilege success
  setting SolEnable enable

  addUser_10.4.25.230

  setting username success
  setting password success
  setting privilege success
  setting user enabled
  setting IpmiLanPrivilege success
  setting IpmiSerialPrivilege success
  setting SolEnable enable

  addUser_10.4.25.231

  setting username success
  setting password success
  setting privilege success
  setting user enabled
  setting IpmiLanPrivilege success
  setting IpmiSerialPrivilege success
  setting SolEnable enable

  addUser_10.4.25.232

  setting username success
  setting password success
  setting privilege success
  setting user enabled
  setting IpmiLanPrivilege success
  setting IpmiSerialPrivilege success
  setting SolEnable enable

  addUser_10.4.25.233

  setting username success
  setting password success
  setting privilege success
  setting user enabled
  setting IpmiLanPrivilege success
  setting IpmiSerialPrivilege success
  setting SolEnable enable

  addUser_10.4.25.234

  setting username success
  setting password success
  setting privilege success
  setting user enabled
  setting IpmiLanPrivilege success
  setting IpmiSerialPrivilege success
  setting SolEnable enable

  addUser_10.4.25.235

  setting username success
  setting password success
  setting privilege success
  setting user enabled
  setting IpmiLanPrivilege success
  setting IpmiSerialPrivilege success
  setting SolEnable enable

  addUser_10.4.25.236

  setting username success
  setting password success
  setting privilege success
  setting user enabled
  setting IpmiLanPrivilege success
  setting IpmiSerialPrivilege success
  setting SolEnable enable

  addUser_10.4.25.237

  setting username success
  setting password success
  setting privilege success
  setting user enabled
  setting IpmiLanPrivilege success
  setting IpmiSerialPrivilege success
  setting SolEnable enable

  addUser_10.4.25.238

  setting username success
  setting password success
  setting privilege success
  setting user enabled
  setting IpmiLanPrivilege success
  setting IpmiSerialPrivilege success
  setting SolEnable enable

  addUser_10.4.25.239

  setting username success
  setting password success
  setting privilege success
  setting user enabled
  setting IpmiLanPrivilege success
  setting IpmiSerialPrivilege success
  setting SolEnable enable

  addUser_10.4.25.240

  setting username success
  setting password success
  setting privilege success
  setting user enabled
  setting IpmiLanPrivilege success
  setting IpmiSerialPrivilege success
  setting SolEnable enable

  addUser_10.4.25.241

  setting username success
  setting password success
  setting privilege success
  setting user enabled
  setting IpmiLanPrivilege success
  setting IpmiSerialPrivilege success
  setting SolEnable enable

  addUser_10.4.25.242

  setting username success
  setting password success
  setting privilege success
  setting user enabled
  setting IpmiLanPrivilege success
  setting IpmiSerialPrivilege success
  setting SolEnable enable

  addUser_10.4.25.243

  setting username success
  setting password success
  setting privilege success
  setting user enabled
  setting IpmiLanPrivilege success
  setting IpmiSerialPrivilege success
  setting SolEnable enable

  addUser_10.4.25.244

  setting username success
  setting password success
  setting privilege success
  setting user enabled
  setting IpmiLanPrivilege success
  setting IpmiSerialPrivilege success
  setting SolEnable enable

  addUser_10.4.25.245

  setting username success
  setting password success
  setting privilege success
  setting user enabled
  setting IpmiLanPrivilege success
  setting IpmiSerialPrivilege success
  setting SolEnable enable

  addUser_10.4.25.246

  setting username success
  setting password success
  setting privilege success
  setting user enabled
  setting IpmiLanPrivilege success
  setting IpmiSerialPrivilege success
  setting SolEnable enable

  addUser_10.4.25.247

  setting username success
  setting password success
  setting privilege success
  setting user enabled
  setting IpmiLanPrivilege success
  setting IpmiSerialPrivilege success
  setting SolEnable enable

  addUser_10.4.25.248

  setting username success
  setting password success
  setting privilege success
  setting user enabled
  setting IpmiLanPrivilege success
  setting IpmiSerialPrivilege success
  setting SolEnable enable

  addUser_10.4.25.249

  setting username success
  setting password success
  setting privilege success
  setting user enabled
  setting IpmiLanPrivilege success
  setting IpmiSerialPrivilege success
  setting SolEnable enable

  addUser_10.4.25.250

  setting username success
  setting password success
  setting privilege success
  setting user enabled
  setting IpmiLanPrivilege success
  setting IpmiSerialPrivilege success
  setting SolEnable enable

  addUser_10.4.25.251

  setting username success
  setting password success
  setting privilege success
  setting user enabled
  setting IpmiLanPrivilege success
  setting IpmiSerialPrivilege success
  setting SolEnable enable

  addUser_10.4.25.252

  setting username success
  setting password success
  setting privilege success
  setting user enabled
  setting IpmiLanPrivilege success
  setting IpmiSerialPrivilege success
  setting SolEnable enable

  addUser_10.4.25.253

  setting username success
  setting password success
  setting privilege success
  setting user enabled
  setting IpmiLanPrivilege success
  setting IpmiSerialPrivilege success
  setting SolEnable enable

  addUser_10.4.25.254

  setting username success
  setting password success
  setting privilege success
  setting user enabled
  setting IpmiLanPrivilege success
  setting IpmiSerialPrivilege success
  setting SolEnable enable

  addUser_10.4.26.31

  setting username success
  setting password success
  setting privilege success
  setting user enabled
  setting IpmiLanPrivilege success
  setting IpmiSerialPrivilege success
  setting SolEnable enable

  addUser_10.4.26.32

  setting username success
  setting password success
  setting privilege success
  setting user enabled
  setting IpmiLanPrivilege success
  setting IpmiSerialPrivilege success
  setting SolEnable enable

  addUser_10.4.26.33

  setting username success
  setting password success
  setting privilege success
  setting user enabled
  setting IpmiLanPrivilege success
  setting IpmiSerialPrivilege success
  setting SolEnable enable

  addUser_10.4.26.34

  setting username success
  setting password success
  setting privilege success
  setting user enabled
  setting IpmiLanPrivilege success
  setting IpmiSerialPrivilege success
  setting SolEnable enable

  addUser_10.4.26.35

  setting username success
  setting password success
  setting privilege success
  setting user enabled
  setting IpmiLanPrivilege success
  setting IpmiSerialPrivilege success
  setting SolEnable enable

  addUser_10.4.26.36

  setting username success
  setting password success
  setting privilege success
  setting user enabled
  setting IpmiLanPrivilege success
  setting IpmiSerialPrivilege success
  setting SolEnable enable

  addUser_10.4.26.37

  setting username success
  setting password success
  setting privilege success
  setting user enabled
  setting IpmiLanPrivilege success
  setting IpmiSerialPrivilege success
  setting SolEnable enable

  addUser_10.4.26.38

  setting username success
  setting password success
  setting privilege success
  setting user enabled
  setting IpmiLanPrivilege success
  setting IpmiSerialPrivilege success
  setting SolEnable enable

  addUser_10.4.26.39

  setting username success
  setting password success
  setting privilege success
  setting user enabled
  setting IpmiLanPrivilege success
  setting IpmiSerialPrivilege success
  setting SolEnable enable

  addUser_10.4.26.40

  setting username success
  setting password success
  setting privilege success
  setting user enabled
  setting IpmiLanPrivilege success
  setting IpmiSerialPrivilege success
  setting SolEnable enable

  addUser_10.4.26.41

  setting username success
  setting password success
  setting privilege success
  setting user enabled
  setting IpmiLanPrivilege success
  setting IpmiSerialPrivilege success
  setting SolEnable enable

  addUser_10.4.26.43

  setting username success
  setting password success
  setting privilege success
  setting user enabled
  setting IpmiLanPrivilege success
  setting IpmiSerialPrivilege success
  setting SolEnable enable

  addUser_10.4.26.44

  setting username success
  setting password success
  setting privilege success
  setting user enabled
  setting IpmiLanPrivilege success
  setting IpmiSerialPrivilege success
  setting SolEnable enable

  addUser_10.4.26.45

  setting username success
  setting password success
  setting privilege success
  setting user enabled
  setting IpmiLanPrivilege success
  setting IpmiSerialPrivilege success
  setting SolEnable enable

  addUser_10.4.26.46

  setting username success
  setting password success
  setting privilege success
  setting user enabled
  setting IpmiLanPrivilege success
  setting IpmiSerialPrivilege success
  setting SolEnable enable

  addUser_10.4.26.47

  setting username success
  setting password success
  setting privilege success
  setting user enabled
  setting IpmiLanPrivilege success
  setting IpmiSerialPrivilege success
  setting SolEnable enable

  addUser_10.4.26.49

  setting username success
  setting password success
  setting privilege success
  setting user enabled
  setting IpmiLanPrivilege success
  setting IpmiSerialPrivilege success
  setting SolEnable enable

  addUser_10.4.26.50

  setting username success
  setting password success
  setting privilege success
  setting user enabled
  setting IpmiLanPrivilege success
  setting IpmiSerialPrivilege success
  setting SolEnable enable

  addUser_10.4.26.51

  setting username success
  setting password success
  setting privilege success
  setting user enabled
  setting IpmiLanPrivilege success
  setting IpmiSerialPrivilege success
  setting SolEnable enable

  addUser_10.4.26.52

  setting username success
  setting password success
  setting privilege success
  setting user enabled
  setting IpmiLanPrivilege success
  setting IpmiSerialPrivilege success
  setting SolEnable enable

  addUser_10.4.26.53

  setting username success
  setting password success
  setting privilege success
  setting user enabled
  setting IpmiLanPrivilege success
  setting IpmiSerialPrivilege success
  setting SolEnable enable

  addUser_10.4.26.54

  setting username success
  setting password success
  setting privilege success
  setting user enabled
  setting IpmiLanPrivilege success
  setting IpmiSerialPrivilege success
  setting SolEnable enable

  addUser_10.4.26.55

  setting username success
  setting password success
  setting privilege success
  setting user enabled
  setting IpmiLanPrivilege success
  setting IpmiSerialPrivilege success
  setting SolEnable enable

  addUser_10.4.26.56

  setting username success
  setting password success
  setting privilege success
  setting user enabled
  setting IpmiLanPrivilege success
  setting IpmiSerialPrivilege success
  setting SolEnable enable

  addUser_10.4.26.57

  setting username success
  setting password success
  setting privilege success
  setting user enabled
  setting IpmiLanPrivilege success
  setting IpmiSerialPrivilege success
  setting SolEnable enable

  addUser_10.4.26.58

  setting username success
  setting password success
  setting privilege success
  setting user enabled
  setting IpmiLanPrivilege success
  setting IpmiSerialPrivilege success
  setting SolEnable enable

  addUser_10.4.26.59

  setting username success
  setting password success
  setting privilege success
  setting user enabled
  setting IpmiLanPrivilege success
  setting IpmiSerialPrivilege success
  setting SolEnable enable

  addUser_10.4.26.60

  setting username success
  setting password success
  setting privilege success
  setting user enabled
  setting IpmiLanPrivilege success
  setting IpmiSerialPrivilege success
  setting SolEnable enable

  addUser_10.4.26.61

  setting username success
  setting password success
  setting privilege success
  setting user enabled
  setting IpmiLanPrivilege success
  setting IpmiSerialPrivilege success
  setting SolEnable enable

  addUser_10.4.26.62

  setting username success
  setting password success
  setting privilege success
  setting user enabled
  setting IpmiLanPrivilege success
  setting IpmiSerialPrivilege success
  setting SolEnable enable

  addUser_10.4.26.63

  setting username success
  setting password success
  setting privilege success
  setting user enabled
  setting IpmiLanPrivilege success
  setting IpmiSerialPrivilege success
  setting SolEnable enable

  addUser_10.4.26.64

  setting username success
  setting password success
  setting privilege success
  setting user enabled
  setting IpmiLanPrivilege success
  setting IpmiSerialPrivilege success
  setting SolEnable enable

  addUser_10.4.26.65

  setting username success
  setting password success
  setting privilege success
  setting user enabled
  setting IpmiLanPrivilege success
  setting IpmiSerialPrivilege success
  setting SolEnable enable

  addUser_10.4.26.66

  setting username success
  setting password success
  setting privilege success
  setting user enabled
  setting IpmiLanPrivilege success
  setting IpmiSerialPrivilege success
  setting SolEnable enable

  addUser_10.4.26.67

  setting username success
  setting password success
  setting privilege success
  setting user enabled
  setting IpmiLanPrivilege success
  setting IpmiSerialPrivilege success
  setting SolEnable enable

  addUser_10.4.26.68

  setting username success
  setting password success
  setting privilege success
  setting user enabled
  setting IpmiLanPrivilege success
  setting IpmiSerialPrivilege success
  setting SolEnable enable

  addUser_10.4.26.69

  setting username success
  setting password success
  setting privilege success
  setting user enabled
  setting IpmiLanPrivilege success
  setting IpmiSerialPrivilege success
  setting SolEnable enable

  addUser_10.4.26.70

  setting username success
  setting password success
  setting privilege success
  setting user enabled
  setting IpmiLanPrivilege success
  setting IpmiSerialPrivilege success
  setting SolEnable enable

  addUser_10.4.26.71

  setting username success
  setting password success
  setting privilege success
  setting user enabled
  setting IpmiLanPrivilege success
  setting IpmiSerialPrivilege success
  setting SolEnable enable

  addUser_10.4.26.72

  setting username success
  setting password success
  setting privilege success
  setting user enabled
  setting IpmiLanPrivilege success
  setting IpmiSerialPrivilege success
  setting SolEnable enable

  addUser_10.4.26.73

  setting username success
  setting password success
  setting privilege success
  setting user enabled
  setting IpmiLanPrivilege success
  setting IpmiSerialPrivilege success
  setting SolEnable enable

  addUser_10.4.26.74

  setting username success
  setting password success
  setting privilege success
  setting user enabled
  setting IpmiLanPrivilege success
  setting IpmiSerialPrivilege success
  setting SolEnable enable

  addUser_10.4.26.75

  setting username success
  setting password success
  setting privilege success
  setting user enabled
  setting IpmiLanPrivilege success
  setting IpmiSerialPrivilege success
  setting SolEnable enable

  addUser_10.4.26.76

  setting username success
  setting password success
  setting privilege success
  setting user enabled
  setting IpmiLanPrivilege success
  setting IpmiSerialPrivilege success
  setting SolEnable enable

  addUser_10.4.26.77

  setting username success
  setting password success
  setting privilege success
  setting user enabled
  setting IpmiLanPrivilege success
  setting IpmiSerialPrivilege success
  setting SolEnable enable

  addUser_10.4.26.78

  setting username success
  setting password success
  setting privilege success
  setting user enabled
  setting IpmiLanPrivilege success
  setting IpmiSerialPrivilege success
  setting SolEnable enable

  addUser_10.4.26.79

  setting username success
  setting password success
  setting privilege success
  setting user enabled
  setting IpmiLanPrivilege success
  setting IpmiSerialPrivilege success
  setting SolEnable enable

  addUser_10.4.26.80

  setting username success
  setting password success
  setting privilege success
  setting user enabled
  setting IpmiLanPrivilege success
  setting IpmiSerialPrivilege success
  setting SolEnable enable

  addUser_10.4.26.81

  setting username success
  setting password success
  setting privilege success
  setting user enabled
  setting IpmiLanPrivilege success
  setting IpmiSerialPrivilege success
  setting SolEnable enable

  addUser_10.4.26.82

  setting username success
  setting password success
  setting privilege success
  setting user enabled
  setting IpmiLanPrivilege success
  setting IpmiSerialPrivilege success
  setting SolEnable enable

  addUser_10.4.26.83

  setting username success
  setting password success
  setting privilege success
  setting user enabled
  setting IpmiLanPrivilege success
  setting IpmiSerialPrivilege success
  setting SolEnable enable

  addUser_10.4.26.84

  setting username success
  setting password success
  setting privilege success
  setting user enabled
  setting IpmiLanPrivilege success
  setting IpmiSerialPrivilege success
  setting SolEnable enable

  addUser_10.4.26.85

  setting username success
  setting password success
  setting privilege success
  setting user enabled
  setting IpmiLanPrivilege success
  setting IpmiSerialPrivilege success
  setting SolEnable enable

  addUser_10.4.26.86

  setting username success
  setting password success
  setting privilege success
  setting user enabled
  setting IpmiLanPrivilege success
  setting IpmiSerialPrivilege success
  setting SolEnable enable

  addUser_10.4.26.87

  setting username success
  setting password success
  setting privilege success
  setting user enabled
  setting IpmiLanPrivilege success
  setting IpmiSerialPrivilege success
  setting SolEnable enable

  addUser_10.4.26.88

  setting username success
  setting password success
  setting privilege success
  setting user enabled
  setting IpmiLanPrivilege success
  setting IpmiSerialPrivilege success
  setting SolEnable enable

  addUser_10.4.26.89

  setting username success
  setting password success
  setting privilege success
  setting user enabled
  setting IpmiLanPrivilege success
  setting IpmiSerialPrivilege success
  setting SolEnable enable

  addUser_10.4.26.90

  setting username success
  setting password success
  setting privilege success
  setting user enabled
  setting IpmiLanPrivilege success
  setting IpmiSerialPrivilege success
  setting SolEnable enable

  addUser_10.4.27.66

  setting username success
  setting password success
  setting privilege success
  setting user enabled
  setting IpmiLanPrivilege success
  setting IpmiSerialPrivilege success
  setting SolEnable enable
  setting snmpv3 disable
  setting AuthenticationProtocol success
  setting PrivacyProtocol success

  addUser_10.4.27.67

  setting username success
  setting password success
  setting privilege success
  setting user enabled
  setting IpmiLanPrivilege success
  setting IpmiSerialPrivilege success
  setting SolEnable enable
  setting snmpv3 disable
  setting AuthenticationProtocol success
  setting PrivacyProtocol success

  addUser_10.4.27.68

  setting username success
  setting password success
  setting privilege success
  setting user enabled
  setting IpmiLanPrivilege success
  setting IpmiSerialPrivilege success
  setting SolEnable enable
  setting snmpv3 disable
  setting AuthenticationProtocol success
  setting PrivacyProtocol success

  addUser_10.4.27.69

  setting username success
  setting password success
  setting privilege success
  setting user enabled
  setting IpmiLanPrivilege success
  setting IpmiSerialPrivilege success
  setting SolEnable enable
  setting snmpv3 disable
  setting AuthenticationProtocol success
  setting PrivacyProtocol success

  addUser_10.4.27.70

  setting username success
  setting password success
  setting privilege success
  setting user enabled
  setting IpmiLanPrivilege success
  setting IpmiSerialPrivilege success
  setting SolEnable enable
  setting snmpv3 disable
  setting AuthenticationProtocol success
  setting PrivacyProtocol success

  addUser_10.4.27.71

  setting username success
  setting password success
  setting privilege success
  setting user enabled
  setting IpmiLanPrivilege success
  setting IpmiSerialPrivilege success
  setting SolEnable enable
  setting snmpv3 disable
  setting AuthenticationProtocol success
  setting PrivacyProtocol success

  addUser_10.4.27.72

  setting username success
  setting password success
  setting privilege success
  setting user enabled
  setting IpmiLanPrivilege success
  setting IpmiSerialPrivilege success
  setting SolEnable enable
  setting snmpv3 disable
  setting AuthenticationProtocol success
  setting PrivacyProtocol success

  addUser_10.4.27.73

  setting username success
  setting password success
  setting privilege success
  setting user enabled
  setting IpmiLanPrivilege success
  setting IpmiSerialPrivilege success
  setting SolEnable enable
  setting snmpv3 disable
  setting AuthenticationProtocol success
  setting PrivacyProtocol success

  addUser_10.4.27.74

  setting username success
  setting password success
  setting privilege success
  setting user enabled
  setting IpmiLanPrivilege success
  setting IpmiSerialPrivilege success
  setting SolEnable enable
  setting snmpv3 disable
  setting AuthenticationProtocol success
  setting PrivacyProtocol success

  addUser_10.4.27.75

  setting username success
  setting password success
  setting privilege success
  setting user enabled
  setting IpmiLanPrivilege success
  setting IpmiSerialPrivilege success
  setting SolEnable enable
  setting snmpv3 disable
  setting AuthenticationProtocol success
  setting PrivacyProtocol success

  addUser_10.4.27.76

  setting username success
  setting password success
  setting privilege success
  setting user enabled
  setting IpmiLanPrivilege success
  setting IpmiSerialPrivilege success
  setting SolEnable enable
  setting snmpv3 disable
  setting AuthenticationProtocol success
  setting PrivacyProtocol success

  addUser_10.4.27.77

  setting username success
  setting password success
  setting privilege success
  setting user enabled
  setting IpmiLanPrivilege success
  setting IpmiSerialPrivilege success
  setting SolEnable enable
  setting snmpv3 disable
  setting AuthenticationProtocol success
  setting PrivacyProtocol success

  addUser_10.4.27.78

  setting username success
  setting password success
  setting privilege success
  setting user enabled
  setting IpmiLanPrivilege success
  setting IpmiSerialPrivilege success
  setting SolEnable enable
  setting snmpv3 disable
  setting AuthenticationProtocol success
  setting PrivacyProtocol success

  addUser_10.4.27.79

  setting username success
  setting password success
  setting privilege success
  setting user enabled
  setting IpmiLanPrivilege success
  setting IpmiSerialPrivilege success
  setting SolEnable enable
  setting snmpv3 disable
  setting AuthenticationProtocol success
  setting PrivacyProtocol success

  addUser_10.4.27.80

  setting username success
  setting password success
  setting privilege success
  setting user enabled
  setting IpmiLanPrivilege success
  setting IpmiSerialPrivilege success
  setting SolEnable enable
  setting snmpv3 disable
  setting AuthenticationProtocol success
  setting PrivacyProtocol success

  addUser_10.4.27.81

  setting username success
  setting password success
  setting privilege success
  setting user enabled
  setting IpmiLanPrivilege success
  setting IpmiSerialPrivilege success
  setting SolEnable enable
  setting snmpv3 disable
  setting AuthenticationProtocol success
  setting PrivacyProtocol success

  addUser_10.4.27.82

  setting username success
  setting password success
  setting privilege success
  setting user enabled
  setting IpmiLanPrivilege success
  setting IpmiSerialPrivilege success
  setting SolEnable enable
  setting snmpv3 disable
  setting AuthenticationProtocol success
  setting PrivacyProtocol success

  addUser_10.4.27.83


  addUser_10.4.27.84

  setting username success
  setting password success
  setting privilege success
  setting user enabled
  setting IpmiLanPrivilege success
  setting IpmiSerialPrivilege success
  setting SolEnable enable
  setting snmpv3 disable
  setting AuthenticationProtocol success
  setting PrivacyProtocol success

  addUser_10.4.27.85

  setting username success
  setting password success
  setting privilege success
  setting user enabled
  setting IpmiLanPrivilege success
  setting IpmiSerialPrivilege success
  setting SolEnable enable
  setting snmpv3 disable
  setting AuthenticationProtocol success
  setting PrivacyProtocol success

  addUser_10.4.27.86

  setting username success
  setting password success
  setting privilege success
  setting user enabled
  setting IpmiLanPrivilege success
  setting IpmiSerialPrivilege success
  setting SolEnable enable
  setting snmpv3 disable
  setting AuthenticationProtocol success
  setting PrivacyProtocol success

  addUser_10.4.27.87

  setting username success
  setting password success
  setting privilege success
  setting user enabled
  setting IpmiLanPrivilege success
  setting IpmiSerialPrivilege success
  setting SolEnable enable
  setting snmpv3 disable
  setting AuthenticationProtocol success
  setting PrivacyProtocol success

  addUser_10.4.27.88

  setting username success
  setting password success
  setting privilege success
  setting user enabled
  setting IpmiLanPrivilege success
  setting IpmiSerialPrivilege success
  setting SolEnable enable
  setting snmpv3 disable
  setting AuthenticationProtocol success
  setting PrivacyProtocol success

  addUser_10.4.27.89

  setting username success
  setting password success
  setting privilege success
  setting user enabled
  setting IpmiLanPrivilege success
  setting IpmiSerialPrivilege success
  setting SolEnable enable
  setting snmpv3 disable
  setting AuthenticationProtocol success
  setting PrivacyProtocol success

  addUser_10.4.27.90

  setting username success
  setting password success
  setting privilege success
  setting user enabled
  setting IpmiLanPrivilege success
  setting IpmiSerialPrivilege success
  setting SolEnable enable
  setting snmpv3 disable
  setting AuthenticationProtocol success
  setting PrivacyProtocol success

  addUser_10.4.27.91

  setting username success
  setting password success
  setting privilege success
  setting user enabled
  setting IpmiLanPrivilege success
  setting IpmiSerialPrivilege success
  setting SolEnable enable
  setting snmpv3 disable
  setting AuthenticationProtocol success
  setting PrivacyProtocol success

  addUser_10.4.27.92

  setting username success
  setting password success
  setting privilege success
  setting user enabled
  setting IpmiLanPrivilege success
  setting IpmiSerialPrivilege success
  setting SolEnable enable
  setting snmpv3 disable
  setting AuthenticationProtocol success
  setting PrivacyProtocol success

  addUser_10.4.27.93

  setting username success
  setting password success
  setting privilege success
  setting user enabled
  setting IpmiLanPrivilege success
  setting IpmiSerialPrivilege success
  setting SolEnable enable
  setting snmpv3 disable
  setting AuthenticationProtocol success
  setting PrivacyProtocol success

  xxxxxxxxxxxxxxxxxxxxxxxxxxxxxxxxxxxxxxxxxxxxxxxxxxxxxxxxxxxxxxxxxxxxxxxxxxxxxxxxxx

